[2025-08-15 14:38:52] map-json sid=427934 active=true -> C:\exports\survey-427934-qa-map.json
[2025-08-15 14:41:57] map-json sid=712522 active=false -> C:\exports\survey-712522-qa-map.json
[2025-08-18 10:05:40] map-json sid=712522 active=false -> C:\exports\survey-712522-qa-map.json
[2025-08-18 10:05:40] map-json sid=427934 active=true -> C:\exports\survey-427934-qa-map.json
[2025-08-18 10:18:09] map-csv-questions sid=712522 active=false -> C:\exports\survey-712522-questions.csv
[2025-08-18 10:18:09] map-csv-answers sid=712522 active=false -> C:\exports\survey-712522-answers.csv
[2025-08-18 10:18:09] map-csv-questions sid=427934 active=true -> C:\exports\survey-427934-questions.csv
[2025-08-18 10:18:09] map-csv-answers sid=427934 active=true -> C:\exports\survey-427934-answers.csv
[2025-08-18 10:21:17] map-csv-questions sid=712522 active=false -> C:\exports\survey-712522-questions.csv
[2025-08-18 10:21:17] map-csv-answers sid=712522 active=false -> C:\exports\survey-712522-answers.csv
[2025-08-18 10:21:17] map-csv-questions sid=427934 active=true -> C:\exports\survey-427934-questions.csv
[2025-08-18 10:21:17] map-csv-answers sid=427934 active=true -> C:\exports\survey-427934-answers.csv
[2025-08-18 10:21:52] map-json sid=712522 active=false -> C:\exports\survey-712522-qa-map.json
[2025-08-18 10:21:52] map-json sid=427934 active=true -> C:\exports\survey-427934-qa-map.json
[2025-08-18 10:23:09] map-csv-questions sid=712522 active=false -> C:\exports\survey-712522-questions.csv
[2025-08-18 10:23:09] map-csv-answers sid=712522 active=false -> C:\exports\survey-712522-answers.csv
[2025-08-18 10:23:09] map-csv-questions sid=427934 active=true -> C:\exports\survey-427934-questions.csv
[2025-08-18 10:23:09] map-csv-answers sid=427934 active=true -> C:\exports\survey-427934-answers.csv
[2025-08-18 10:26:22] map-json sid=712522 active=false -> C:\exports\survey-712522-qa-map.json
[2025-08-18 10:26:22] map-json sid=427934 active=true -> C:\exports\survey-427934-qa-map.json
